2015-05-08 10:25:21 INFO  OrderMain:58 - === Order Processing starting ===
2015-05-08 10:25:22 ERROR OrderMain:60 - === Order Processing starting ===
2015-05-08 15:28:20 INFO  OrderMain:58 - === Order Processing starting ===
2015-05-08 15:28:20 ERROR OrderMain:60 - === Order Processing starting ===
2015-05-08 16:12:28 INFO  OrderMain:58 - === Order Processing starting ===
2015-05-08 16:12:29 ERROR OrderMain:60 - === Order Processing starting ===
2015-05-08 16:28:37 INFO  OrderMain:58 - === Order Processing starting ===
2015-05-08 16:28:43 ERROR OrderMain:60 - === Order Processing starting ===
2015-05-08 16:34:27 INFO  OrderMain:58 - === Order Processing starting ===
2015-05-08 16:34:27 ERROR OrderMain:60 - === Order Processing starting ===
2015-05-08 16:36:31 INFO  OrderMain:58 - === Order Processing starting ===
2015-05-08 16:36:31 ERROR OrderMain:60 - === Order Processing starting ===
2015-05-08 17:48:56 INFO  OrderMain:58 - === Order Processing starting ===
2015-05-08 17:48:56 ERROR OrderMain:60 - === Order Processing starting ===
2015-05-08 17:50:59 INFO  OrderMain:58 - === Order Processing starting ===
2015-05-08 17:51:11 ERROR OrderMain:60 - === Order Processing starting ===
2015-05-08 18:02:02 INFO  OrderMain:58 - === Order Processing starting ===
2015-05-08 18:02:05 ERROR OrderMain:60 - === Order Processing starting ===
2015-05-08 18:02:38 INFO  OrderMain:58 - === Order Processing starting ===
2015-05-08 18:02:41 ERROR OrderMain:60 - === Order Processing starting ===
2015-05-08 18:02:44 INFO  readProperty:20 - Getting the file
2015-05-08 18:02:57 INFO  readProperty:29 - Loading the file as properties
2015-05-08 18:40:03 INFO  OrderMain:68 - === Order Processing starting ===
2015-05-08 18:40:07 ERROR OrderMain:70 - === Order Processing starting ===
2015-05-08 19:06:28 INFO  OrderMain:68 - === Order Processing starting ===
2015-05-08 19:06:30 ERROR OrderMain:70 - === Order Processing starting ===
2015-05-11 17:43:44 INFO  OrderMain:59 - === Order Processing starting ===
2015-05-11 17:43:44 ERROR OrderMain:61 - === Order Processing starting ===
2015-05-11 17:43:44 INFO  readProperty:20 - Getting the file
2015-05-11 17:43:44 INFO  readProperty:29 - Loading the file as properties
2015-05-11 17:44:37 INFO  OrderMain:59 - === Order Processing starting ===
2015-05-11 17:44:37 ERROR OrderMain:61 - === Order Processing starting ===
2015-05-11 17:44:37 INFO  readProperty:20 - Getting the file
2015-05-11 17:44:37 INFO  readProperty:29 - Loading the file as properties
2015-05-11 17:46:38 INFO  OrderMain:59 - === Order Processing starting ===
2015-05-11 17:46:38 ERROR OrderMain:61 - === Order Processing starting ===
2015-05-11 17:46:38 INFO  readProperty:20 - Getting the file
2015-05-11 17:46:38 INFO  readProperty:29 - Loading the file as properties
2015-05-11 17:47:52 INFO  OrderMain:59 - === Order Processing starting ===
2015-05-11 17:47:52 ERROR OrderMain:61 - === Order Processing starting ===
2015-05-11 17:47:52 INFO  readProperty:20 - Getting the file
2015-05-11 17:47:52 INFO  readProperty:29 - Loading the file as properties
2015-05-11 17:49:02 INFO  OrderMain:59 - === Order Processing starting ===
2015-05-11 17:49:02 ERROR OrderMain:61 - === Order Processing starting ===
2015-05-11 17:49:02 INFO  readProperty:20 - Getting the file
2015-05-11 17:49:02 INFO  readProperty:29 - Loading the file as properties
2015-05-11 17:49:29 INFO  OrderMain:59 - === Order Processing starting ===
2015-05-11 17:49:29 ERROR OrderMain:61 - === Order Processing starting ===
2015-05-11 17:49:29 INFO  readProperty:20 - Getting the file
2015-05-11 17:49:29 INFO  readProperty:29 - Loading the file as properties
2015-05-11 17:51:27 INFO  OrderMain:59 - === Order Processing starting ===
2015-05-11 17:51:27 ERROR OrderMain:61 - === Order Processing starting ===
2015-05-11 17:51:27 INFO  readProperty:20 - Getting the file
2015-05-11 17:51:27 INFO  readProperty:29 - Loading the file as properties
2015-05-11 17:53:43 INFO  OrderMain:59 - === Order Processing starting ===
2015-05-11 17:53:43 ERROR OrderMain:61 - === Order Processing starting ===
2015-05-11 17:53:43 INFO  readProperty:20 - Getting the file
2015-05-11 17:53:43 INFO  readProperty:29 - Loading the file as properties
2015-05-11 17:57:00 INFO  OrderMain:59 - === Order Processing starting ===
2015-05-11 17:57:00 ERROR OrderMain:61 - === Order Processing starting ===
2015-05-11 17:57:00 INFO  readProperty:20 - Getting the file
2015-05-11 17:57:00 INFO  readProperty:29 - Loading the file as properties
2015-05-11 18:00:12 INFO  OrderMain:59 - === Order Processing starting ===
2015-05-11 18:00:12 ERROR OrderMain:61 - === Order Processing starting ===
2015-05-11 18:00:12 INFO  readProperty:20 - Getting the file
2015-05-11 18:00:12 INFO  readProperty:29 - Loading the file as properties
2015-05-11 18:02:50 INFO  OrderMain:59 - === Order Processing starting ===
2015-05-11 18:02:50 ERROR OrderMain:61 - === Order Processing starting ===
2015-05-11 18:02:50 INFO  readProperty:20 - Getting the file
2015-05-11 18:02:50 INFO  readProperty:29 - Loading the file as properties
2015-05-11 18:05:58 INFO  OrderMain:59 - === Order Processing starting ===
2015-05-11 18:05:58 ERROR OrderMain:61 - === Order Processing starting ===
2015-05-11 18:05:58 INFO  readProperty:20 - Getting the file
2015-05-11 18:05:58 INFO  readProperty:29 - Loading the file as properties
2015-05-11 18:09:29 INFO  OrderMain:59 - === Order Processing starting ===
2015-05-11 18:09:29 ERROR OrderMain:61 - === Order Processing starting ===
2015-05-11 18:09:29 INFO  readProperty:20 - Getting the file
2015-05-11 18:09:29 INFO  readProperty:29 - Loading the file as properties
2015-05-11 18:31:13 INFO  OrderMain:59 - === Order Processing starting ===
2015-05-11 18:31:13 ERROR OrderMain:61 - === Order Processing starting ===
2015-05-11 18:31:13 INFO  readProperty:20 - Getting the file
2015-05-11 18:31:13 INFO  readProperty:29 - Loading the file as properties
2015-05-11 18:35:01 INFO  OrderMain:59 - === Order Processing starting ===
2015-05-11 18:35:01 ERROR OrderMain:61 - === Order Processing starting ===
2015-05-11 18:35:01 INFO  readProperty:20 - Getting the file
2015-05-11 18:35:01 INFO  readProperty:29 - Loading the file as properties
2015-05-12 12:28:46 INFO  OrderMain:59 - === Order Processing starting ===
2015-05-12 12:28:46 ERROR OrderMain:61 - === Order Processing starting ===
2015-05-12 12:28:53 INFO  readProperty:20 - Getting the file
2015-05-12 12:28:53 INFO  readProperty:29 - Loading the file as properties
2015-05-12 12:29:45 INFO  OrderMain:59 - === Order Processing starting ===
2015-05-12 12:29:45 ERROR OrderMain:61 - === Order Processing starting ===
2015-05-12 12:29:45 INFO  readProperty:20 - Getting the file
2015-05-12 12:29:45 INFO  readProperty:29 - Loading the file as properties
2015-05-12 14:00:18 INFO  OrderMain:59 - === Order Processing starting ===
2015-05-12 14:00:18 ERROR OrderMain:61 - === Order Processing starting ===
2015-05-12 14:00:18 INFO  readProperty:20 - Getting the file
2015-05-12 14:00:18 INFO  readProperty:29 - Loading the file as properties
2015-05-12 14:01:16 INFO  OrderMain:59 - === Order Processing starting ===
2015-05-12 14:01:16 ERROR OrderMain:61 - === Order Processing starting ===
2015-05-12 14:01:35 INFO  OrderMain:59 - === Order Processing starting ===
2015-05-12 14:01:35 ERROR OrderMain:61 - === Order Processing starting ===
2015-05-12 14:03:29 INFO  readProperty:20 - Getting the file
2015-05-12 14:03:29 INFO  readProperty:29 - Loading the file as properties
2015-05-12 14:04:20 INFO  OrderMain:59 - === Order Processing starting ===
2015-05-12 14:04:20 ERROR OrderMain:61 - === Order Processing starting ===
2015-05-12 14:09:03 INFO  OrderMain:59 - === Order Processing starting ===
2015-05-12 14:09:03 ERROR OrderMain:61 - === Order Processing starting ===
2015-05-12 14:10:38 INFO  readProperty:20 - Getting the file
2015-05-12 14:10:38 INFO  readProperty:29 - Loading the file as properties
2015-05-12 14:14:11 INFO  OrderMain:59 - === Order Processing starting ===
2015-05-12 14:14:11 ERROR OrderMain:61 - === Order Processing starting ===
2015-05-12 14:14:11 INFO  readProperty:20 - Getting the file
2015-05-12 14:14:11 INFO  readProperty:29 - Loading the file as properties
2015-05-12 14:15:21 INFO  OrderMain:59 - === Order Processing starting ===
2015-05-12 14:15:21 ERROR OrderMain:61 - === Order Processing starting ===
2015-05-12 14:15:21 INFO  readProperty:20 - Getting the file
2015-05-12 14:15:21 INFO  readProperty:29 - Loading the file as properties
2015-05-12 16:29:32 INFO  OrderMain:60 - === Order Processing starting ===
2015-05-12 16:29:32 ERROR OrderMain:62 - === Order Processing starting ===
2015-05-12 17:35:09 INFO  OrderMain:60 - === Order Processing starting ===
2015-05-12 17:35:09 ERROR OrderMain:62 - === Order Processing starting ===
2015-05-12 17:36:36 INFO  OrderMain:60 - === Order Processing starting ===
2015-05-12 17:36:36 ERROR OrderMain:62 - === Order Processing starting ===
2015-05-12 17:53:35 INFO  OrderMain:60 - === Order Processing starting ===
2015-05-12 17:53:35 ERROR OrderMain:62 - === Order Processing starting ===
2015-05-12 18:18:44 INFO  OrderMain:60 - === Order Processing starting ===
2015-05-12 18:18:44 ERROR OrderMain:62 - === Order Processing starting ===
2015-05-12 18:19:54 INFO  OrderMain:60 - === Order Processing starting ===
2015-05-12 18:19:54 ERROR OrderMain:62 - === Order Processing starting ===
2015-05-12 18:21:05 INFO  OrderMain:60 - === Order Processing starting ===
2015-05-12 18:21:05 ERROR OrderMain:62 - === Order Processing starting ===
2015-05-12 18:26:09 INFO  readProperty:20 - Getting the file
2015-05-12 18:26:09 INFO  readProperty:29 - Loading the file as properties
2015-05-12 18:31:08 INFO  OrderMain:60 - === Order Processing starting ===
2015-05-12 18:31:08 ERROR OrderMain:62 - === Order Processing starting ===
2015-05-12 18:31:22 INFO  readProperty:20 - Getting the file
2015-05-12 18:31:22 INFO  readProperty:29 - Loading the file as properties
2015-05-12 18:38:18 INFO  OrderMain:60 - === Order Processing starting ===
2015-05-12 18:38:18 ERROR OrderMain:62 - === Order Processing starting ===
2015-05-12 18:38:28 INFO  readProperty:20 - Getting the file
2015-05-12 18:38:28 INFO  readProperty:29 - Loading the file as properties
2015-05-13 11:00:03 INFO  OrderMain:60 - === Order Processing starting ===
2015-05-13 11:00:03 ERROR OrderMain:62 - === Order Processing starting ===
2015-05-13 11:00:18 INFO  readProperty:20 - Getting the file
2015-05-13 11:00:18 INFO  readProperty:29 - Loading the file as properties
2015-05-13 11:11:43 INFO  OrderMain:60 - === Order Processing starting ===
2015-05-13 11:11:43 ERROR OrderMain:62 - === Order Processing starting ===
2015-05-13 11:11:44 INFO  readProperty:20 - Getting the file
2015-05-13 11:11:44 INFO  readProperty:29 - Loading the file as properties
2015-05-13 11:12:48 INFO  OrderMain:60 - === Order Processing starting ===
2015-05-13 11:12:48 ERROR OrderMain:62 - === Order Processing starting ===
2015-05-13 11:14:27 INFO  OrderMain:60 - === Order Processing starting ===
2015-05-13 11:14:27 ERROR OrderMain:62 - === Order Processing starting ===
2015-05-13 11:14:27 INFO  readProperty:20 - Getting the file
2015-05-13 11:14:27 INFO  readProperty:29 - Loading the file as properties
2015-05-13 11:15:19 INFO  OrderMain:60 - === Order Processing starting ===
2015-05-13 11:15:19 ERROR OrderMain:62 - === Order Processing starting ===
2015-05-13 11:15:19 INFO  readProperty:20 - Getting the file
2015-05-13 11:15:19 INFO  readProperty:29 - Loading the file as properties
2015-05-13 11:15:49 INFO  OrderMain:60 - === Order Processing starting ===
2015-05-13 11:15:49 ERROR OrderMain:62 - === Order Processing starting ===
2015-05-13 11:15:49 INFO  readProperty:20 - Getting the file
2015-05-13 11:15:49 INFO  readProperty:29 - Loading the file as properties
2015-05-13 11:16:19 INFO  OrderMain:60 - === Order Processing starting ===
2015-05-13 11:16:19 ERROR OrderMain:62 - === Order Processing starting ===
2015-05-13 11:16:19 INFO  readProperty:20 - Getting the file
2015-05-13 11:16:19 INFO  readProperty:29 - Loading the file as properties
2015-05-13 15:11:03 INFO  OrderMain:62 - === Order Processing starting ===
2015-05-13 15:11:03 ERROR OrderMain:64 - === Order Processing starting ===
2015-05-13 15:11:14 INFO  readProperty:20 - Getting the file
2015-05-13 15:11:14 INFO  readProperty:29 - Loading the file as properties
2015-05-13 15:35:14 INFO  OrderMain:62 - === Order Processing starting ===
2015-05-13 15:35:14 ERROR OrderMain:64 - === Order Processing starting ===
2015-05-13 15:35:19 INFO  readProperty:20 - Getting the file
2015-05-13 15:35:19 INFO  readProperty:29 - Loading the file as properties
2015-05-13 15:36:51 INFO  OrderMain:62 - === Order Processing starting ===
2015-05-13 15:36:51 ERROR OrderMain:64 - === Order Processing starting ===
2015-05-13 15:36:58 INFO  readProperty:20 - Getting the file
2015-05-13 15:36:58 INFO  readProperty:29 - Loading the file as properties
2015-05-14 10:32:21 INFO  OrderMain:61 - === Order Processing starting ===
2015-05-14 10:32:21 ERROR OrderMain:63 - === Order Processing starting ===
2015-05-14 10:34:26 INFO  readProperty:20 - Getting the file
2015-05-14 10:34:26 INFO  readProperty:29 - Loading the file as properties
2015-05-14 10:35:37 INFO  OrderMain:61 - === Order Processing starting ===
2015-05-14 10:35:37 ERROR OrderMain:63 - === Order Processing starting ===
2015-05-14 10:35:46 INFO  readProperty:20 - Getting the file
2015-05-14 10:35:46 INFO  readProperty:29 - Loading the file as properties
2015-05-14 10:39:03 INFO  OrderMain:61 - === Order Processing starting ===
2015-05-14 10:39:03 ERROR OrderMain:63 - === Order Processing starting ===
2015-05-14 10:39:13 INFO  readProperty:20 - Getting the file
2015-05-14 10:39:13 INFO  readProperty:29 - Loading the file as properties
2015-05-14 12:22:11 INFO  OrderMain:62 - === Order Processing starting ===
2015-05-14 12:22:11 ERROR OrderMain:64 - === Order Processing starting ===
2015-05-14 12:22:21 INFO  readProperty:20 - Getting the file
2015-05-14 12:22:21 INFO  readProperty:29 - Loading the file as properties
2015-05-14 14:32:50 INFO  OrderMain:62 - === Order Processing starting ===
2015-05-14 14:32:50 ERROR OrderMain:64 - === Order Processing starting ===
2015-05-14 14:34:01 INFO  OrderMain:62 - === Order Processing starting ===
2015-05-14 14:34:01 DEBUG OrderMain:63 - hi debug
2015-05-14 14:34:01 ERROR OrderMain:64 - === Order Processing starting ===
2015-05-14 14:44:32 INFO  OrderMain:63 - === Order Processing starting ===
2015-05-14 14:44:32 DEBUG OrderMain:64 - hi debug
2015-05-14 14:44:32 ERROR OrderMain:65 - === Order Processing starting ===
2015-05-14 14:44:42 INFO  readProperty:20 - Getting the file
2015-05-14 14:44:42 INFO  readProperty:29 - Loading the file as properties
2015-05-14 14:45:26 INFO  OrderMain:63 - === Order Processing starting ===
2015-05-14 14:45:26 DEBUG OrderMain:64 - hi debug
2015-05-14 14:45:26 ERROR OrderMain:65 - === Order Processing starting ===
2015-05-14 14:45:43 INFO  readProperty:20 - Getting the file
2015-05-14 14:45:43 INFO  readProperty:29 - Loading the file as properties
2015-05-14 14:46:35 INFO  OrderMain:63 - === Order Processing starting ===
2015-05-14 14:46:35 DEBUG OrderMain:64 - hi debug
2015-05-14 14:46:35 ERROR OrderMain:65 - === Order Processing starting ===
2015-05-14 14:46:46 INFO  readProperty:20 - Getting the file
2015-05-14 14:46:46 INFO  readProperty:29 - Loading the file as properties
2015-05-21 09:51:00 INFO  OrderMain:63 - === Order Processing starting ===
2015-05-21 09:51:00 DEBUG OrderMain:64 - hi debug
2015-05-21 09:51:00 ERROR OrderMain:65 - === Order Processing starting ===
2015-05-21 09:51:19 INFO  readProperty:20 - Getting the file
2015-05-21 09:51:19 INFO  readProperty:29 - Loading the file as properties
2015-05-21 10:04:45 INFO  OrderMain:63 - === Order Processing starting ===
2015-05-21 10:04:45 DEBUG OrderMain:64 - hi debug
2015-05-21 10:04:45 ERROR OrderMain:65 - === Order Processing starting ===
2015-05-21 10:04:55 INFO  readProperty:20 - Getting the file
2015-05-21 10:04:55 INFO  readProperty:29 - Loading the file as properties
2015-05-21 10:26:40 INFO  OrderMain:63 - === Order Processing starting ===
2015-05-21 10:26:40 DEBUG OrderMain:64 - hi debug
2015-05-21 10:26:40 ERROR OrderMain:65 - === Order Processing starting ===
2015-05-21 10:26:49 INFO  readProperty:20 - Getting the file
2015-05-21 10:26:49 INFO  readProperty:29 - Loading the file as properties
2015-05-21 10:27:53 INFO  OrderMain:63 - === Order Processing starting ===
2015-05-21 10:27:53 DEBUG OrderMain:64 - hi debug
2015-05-21 10:27:53 ERROR OrderMain:65 - === Order Processing starting ===
2015-05-21 10:28:01 INFO  readProperty:20 - Getting the file
2015-05-21 10:28:01 INFO  readProperty:29 - Loading the file as properties
2015-05-21 10:30:21 INFO  OrderMain:63 - === Order Processing starting ===
2015-05-21 10:30:21 DEBUG OrderMain:64 - hi debug
2015-05-21 10:30:21 ERROR OrderMain:65 - === Order Processing starting ===
2015-05-21 10:30:29 INFO  readProperty:20 - Getting the file
2015-05-21 10:30:29 INFO  readProperty:29 - Loading the file as properties
2015-05-21 10:32:00 INFO  OrderMain:63 - === Order Processing starting ===
2015-05-21 10:32:00 DEBUG OrderMain:64 - hi debug
2015-05-21 10:32:00 ERROR OrderMain:65 - === Order Processing starting ===
2015-05-21 10:32:09 INFO  readProperty:20 - Getting the file
2015-05-21 10:32:09 INFO  readProperty:29 - Loading the file as properties
2015-05-21 10:33:50 INFO  OrderMain:63 - === Order Processing starting ===
2015-05-21 10:33:50 DEBUG OrderMain:64 - hi debug
2015-05-21 10:33:50 ERROR OrderMain:65 - === Order Processing starting ===
2015-05-21 10:33:59 INFO  readProperty:20 - Getting the file
2015-05-21 10:33:59 INFO  readProperty:29 - Loading the file as properties
2015-05-21 10:35:30 INFO  OrderMain:63 - === Order Processing starting ===
2015-05-21 10:35:30 DEBUG OrderMain:64 - hi debug
2015-05-21 10:35:30 ERROR OrderMain:65 - === Order Processing starting ===
2015-05-21 10:35:48 INFO  readProperty:20 - Getting the file
2015-05-21 10:35:48 INFO  readProperty:29 - Loading the file as properties
2015-05-21 10:36:26 INFO  OrderMain:63 - === Order Processing starting ===
2015-05-21 10:36:26 DEBUG OrderMain:64 - hi debug
2015-05-21 10:36:26 ERROR OrderMain:65 - === Order Processing starting ===
2015-05-21 10:36:35 INFO  readProperty:20 - Getting the file
2015-05-21 10:36:35 INFO  readProperty:29 - Loading the file as properties
2015-05-21 10:37:21 INFO  OrderMain:63 - === Order Processing starting ===
2015-05-21 10:37:21 DEBUG OrderMain:64 - hi debug
2015-05-21 10:37:21 ERROR OrderMain:65 - === Order Processing starting ===
2015-05-21 10:37:28 INFO  readProperty:20 - Getting the file
2015-05-21 10:37:28 INFO  readProperty:29 - Loading the file as properties
2015-05-21 10:39:37 INFO  OrderMain:63 - === Order Processing starting ===
2015-05-21 10:39:37 DEBUG OrderMain:64 - hi debug
2015-05-21 10:39:37 ERROR OrderMain:65 - === Order Processing starting ===
2015-05-21 10:39:45 INFO  readProperty:20 - Getting the file
2015-05-21 10:39:45 INFO  readProperty:29 - Loading the file as properties
2015-05-21 10:42:17 INFO  OrderMain:63 - === Order Processing starting ===
2015-05-21 10:42:17 DEBUG OrderMain:64 - hi debug
2015-05-21 10:42:17 ERROR OrderMain:65 - === Order Processing starting ===
2015-05-21 10:42:25 INFO  readProperty:20 - Getting the file
2015-05-21 10:42:25 INFO  readProperty:29 - Loading the file as properties
2015-05-21 11:58:22 INFO  OrderMain:63 - === Order Processing starting ===
2015-05-21 11:58:22 DEBUG OrderMain:64 - hi debug
2015-05-21 11:58:22 ERROR OrderMain:65 - === Order Processing starting ===
2015-05-21 11:58:34 INFO  readProperty:20 - Getting the file
2015-05-21 11:58:34 INFO  readProperty:29 - Loading the file as properties
2015-05-21 11:59:44 INFO  OrderMain:63 - === Order Processing starting ===
2015-05-21 11:59:44 DEBUG OrderMain:64 - hi debug
2015-05-21 11:59:44 ERROR OrderMain:65 - === Order Processing starting ===
2015-05-21 11:59:52 INFO  readProperty:20 - Getting the file
2015-05-21 11:59:52 INFO  readProperty:29 - Loading the file as properties
2015-05-21 12:03:30 INFO  OrderMain:63 - === Order Processing starting ===
2015-05-21 12:03:30 DEBUG OrderMain:64 - hi debug
2015-05-21 12:03:30 ERROR OrderMain:65 - === Order Processing starting ===
2015-05-21 12:03:48 INFO  readProperty:20 - Getting the file
2015-05-21 12:03:48 INFO  readProperty:29 - Loading the file as properties
2015-05-21 12:05:30 INFO  OrderMain:63 - === Order Processing starting ===
2015-05-21 12:05:30 DEBUG OrderMain:64 - hi debug
2015-05-21 12:05:30 ERROR OrderMain:65 - === Order Processing starting ===
2015-05-21 12:05:39 INFO  readProperty:20 - Getting the file
2015-05-21 12:05:39 INFO  readProperty:29 - Loading the file as properties
2015-05-21 12:08:09 INFO  OrderMain:63 - === Order Processing starting ===
2015-05-21 12:08:09 DEBUG OrderMain:64 - hi debug
2015-05-21 12:08:09 ERROR OrderMain:65 - === Order Processing starting ===
2015-05-21 12:08:17 INFO  readProperty:20 - Getting the file
2015-05-21 12:08:17 INFO  readProperty:29 - Loading the file as properties
2015-05-21 14:16:17 INFO  OrderMain:63 - === Order Processing starting ===
2015-05-21 14:16:17 DEBUG OrderMain:64 - hi debug
2015-05-21 14:16:17 ERROR OrderMain:65 - === Order Processing starting ===
2015-05-21 14:16:26 INFO  readProperty:20 - Getting the file
2015-05-21 14:16:26 INFO  readProperty:29 - Loading the file as properties
2015-05-21 14:21:08 INFO  OrderMain:63 - === Order Processing starting ===
2015-05-21 14:21:08 DEBUG OrderMain:64 - hi debug
2015-05-21 14:21:08 ERROR OrderMain:65 - === Order Processing starting ===
2015-05-21 14:21:16 INFO  readProperty:20 - Getting the file
2015-05-21 14:21:16 INFO  readProperty:29 - Loading the file as properties
2015-05-21 14:23:12 INFO  OrderMain:63 - === Order Processing starting ===
2015-05-21 14:23:12 DEBUG OrderMain:64 - hi debug
2015-05-21 14:23:12 ERROR OrderMain:65 - === Order Processing starting ===
2015-05-21 14:23:20 INFO  readProperty:20 - Getting the file
2015-05-21 14:23:20 INFO  readProperty:29 - Loading the file as properties
2015-05-21 14:28:11 INFO  OrderMain:63 - === Order Processing starting ===
2015-05-21 14:28:11 DEBUG OrderMain:64 - hi debug
2015-05-21 14:28:11 ERROR OrderMain:65 - === Order Processing starting ===
2015-05-21 14:28:19 INFO  readProperty:20 - Getting the file
2015-05-21 14:28:19 INFO  readProperty:29 - Loading the file as properties
2015-05-21 14:59:57 INFO  OrderMain:63 - === Order Processing starting ===
2015-05-21 14:59:57 DEBUG OrderMain:64 - hi debug
2015-05-21 14:59:57 ERROR OrderMain:65 - === Order Processing starting ===
2015-05-21 15:00:05 INFO  readProperty:20 - Getting the file
2015-05-21 15:00:05 INFO  readProperty:29 - Loading the file as properties
2015-05-21 15:05:38 INFO  OrderMain:63 - === Order Processing starting ===
2015-05-21 15:05:38 DEBUG OrderMain:64 - hi debug
2015-05-21 15:05:38 ERROR OrderMain:65 - === Order Processing starting ===
2015-05-21 15:05:45 INFO  readProperty:20 - Getting the file
2015-05-21 15:05:45 INFO  readProperty:29 - Loading the file as properties
2015-05-21 15:11:21 INFO  OrderMain:63 - === Order Processing starting ===
2015-05-21 15:11:21 DEBUG OrderMain:64 - hi debug
2015-05-21 15:11:21 ERROR OrderMain:65 - === Order Processing starting ===
2015-05-21 15:11:28 INFO  readProperty:20 - Getting the file
2015-05-21 15:11:28 INFO  readProperty:29 - Loading the file as properties
2015-05-21 15:14:51 INFO  OrderMain:63 - === Order Processing starting ===
2015-05-21 15:14:51 DEBUG OrderMain:64 - hi debug
2015-05-21 15:14:51 ERROR OrderMain:65 - === Order Processing starting ===
2015-05-21 15:14:58 INFO  readProperty:20 - Getting the file
2015-05-21 15:14:58 INFO  readProperty:29 - Loading the file as properties
2015-05-21 15:17:35 INFO  OrderMain:63 - === Order Processing starting ===
2015-05-21 15:17:35 DEBUG OrderMain:64 - hi debug
2015-05-21 15:17:35 ERROR OrderMain:65 - === Order Processing starting ===
2015-05-21 15:17:42 INFO  readProperty:20 - Getting the file
2015-05-21 15:17:42 INFO  readProperty:29 - Loading the file as properties
2015-05-22 09:11:11 INFO  OrderMain:64 - === Order Processing starting ===
2015-05-22 09:11:11 DEBUG OrderMain:65 - hi debug
2015-05-22 09:11:11 ERROR OrderMain:66 - === Order Processing starting ===
2015-05-22 09:11:28 INFO  readProperty:20 - Getting the file
2015-05-22 09:11:28 INFO  readProperty:29 - Loading the file as properties
2015-05-22 09:14:13 INFO  OrderMain:64 - === Order Processing starting ===
2015-05-22 09:14:13 DEBUG OrderMain:65 - hi debug
2015-05-22 09:14:13 ERROR OrderMain:66 - === Order Processing starting ===
2015-05-22 09:14:21 INFO  readProperty:20 - Getting the file
2015-05-22 09:14:21 INFO  readProperty:29 - Loading the file as properties
2015-05-22 09:18:23 INFO  OrderMain:64 - === Order Processing starting ===
2015-05-22 09:18:23 DEBUG OrderMain:65 - hi debug
2015-05-22 09:18:23 ERROR OrderMain:66 - === Order Processing starting ===
2015-05-22 09:18:32 INFO  readProperty:20 - Getting the file
2015-05-22 09:18:32 INFO  readProperty:29 - Loading the file as properties
2015-05-22 09:20:56 INFO  OrderMain:64 - === Order Processing starting ===
2015-05-22 09:20:56 DEBUG OrderMain:65 - hi debug
2015-05-22 09:20:56 ERROR OrderMain:66 - === Order Processing starting ===
2015-05-22 09:21:04 INFO  readProperty:20 - Getting the file
2015-05-22 09:21:04 INFO  readProperty:29 - Loading the file as properties
2015-05-22 09:25:53 INFO  OrderMain:64 - === Order Processing starting ===
2015-05-22 09:25:53 DEBUG OrderMain:65 - hi debug
2015-05-22 09:25:53 ERROR OrderMain:66 - === Order Processing starting ===
2015-05-22 09:26:31 INFO  OrderMain:64 - === Order Processing starting ===
2015-05-22 09:26:31 DEBUG OrderMain:65 - hi debug
2015-05-22 09:26:31 ERROR OrderMain:66 - === Order Processing starting ===
2015-05-22 09:26:41 INFO  readProperty:20 - Getting the file
2015-05-22 09:26:41 INFO  readProperty:29 - Loading the file as properties
2015-05-22 09:29:40 INFO  OrderMain:64 - === Order Processing starting ===
2015-05-22 09:29:40 DEBUG OrderMain:65 - hi debug
2015-05-22 09:29:40 ERROR OrderMain:66 - === Order Processing starting ===
2015-05-22 09:29:48 INFO  readProperty:20 - Getting the file
2015-05-22 09:29:48 INFO  readProperty:29 - Loading the file as properties
2015-05-22 09:33:08 INFO  OrderMain:64 - === Order Processing starting ===
2015-05-22 09:33:08 DEBUG OrderMain:65 - hi debug
2015-05-22 09:33:08 ERROR OrderMain:66 - === Order Processing starting ===
2015-05-22 09:33:16 INFO  readProperty:20 - Getting the file
2015-05-22 09:33:16 INFO  readProperty:29 - Loading the file as properties
2015-05-22 09:35:30 INFO  OrderMain:64 - === Order Processing starting ===
2015-05-22 09:35:30 DEBUG OrderMain:65 - hi debug
2015-05-22 09:35:30 ERROR OrderMain:66 - === Order Processing starting ===
2015-05-22 09:35:39 INFO  readProperty:20 - Getting the file
2015-05-22 09:35:39 INFO  readProperty:29 - Loading the file as properties
